2018-07-10 17:04:25,422 INFO o.a.j.u.JMeterUtils: Setting Locale to en_EN
2018-07-10 17:04:25,451 INFO o.a.j.JMeter: Loading user properties from: C:\Application\apache-jmeter-4.0\bin\user.properties
2018-07-10 17:04:25,451 INFO o.a.j.JMeter: Loading system properties from: C:\Application\apache-jmeter-4.0\bin\system.properties
2018-07-10 17:04:25,458 INFO o.a.j.JMeter: Copyright (c) 1998-2018 The Apache Software Foundation
2018-07-10 17:04:25,459 INFO o.a.j.JMeter: Version 4.0 r1823414
2018-07-10 17:04:25,459 INFO o.a.j.JMeter: java.version=1.8.0_171
2018-07-10 17:04:25,459 INFO o.a.j.JMeter: java.vm.name=Java HotSpot(TM) 64-Bit Server VM
2018-07-10 17:04:25,459 INFO o.a.j.JMeter: os.name=Windows 10
2018-07-10 17:04:25,459 INFO o.a.j.JMeter: os.arch=amd64
2018-07-10 17:04:25,459 INFO o.a.j.JMeter: os.version=10.0
2018-07-10 17:04:25,459 INFO o.a.j.JMeter: file.encoding=Cp1252
2018-07-10 17:04:25,459 INFO o.a.j.JMeter: Max memory     =1073741824
2018-07-10 17:04:25,459 INFO o.a.j.JMeter: Available Processors =4
2018-07-10 17:04:25,464 INFO o.a.j.JMeter: Default Locale=English (EN)
2018-07-10 17:04:25,465 INFO o.a.j.JMeter: JMeter  Locale=English (EN)
2018-07-10 17:04:25,465 INFO o.a.j.JMeter: JMeterHome=C:\Application\apache-jmeter-4.0
2018-07-10 17:04:25,465 INFO o.a.j.JMeter: user.dir  =C:\workspace\spring-geospatial
2018-07-10 17:04:25,466 INFO o.a.j.JMeter: PWD       =C:\workspace\spring-geospatial
2018-07-10 17:04:25,702 INFO o.a.j.JMeter: IP: 10.0.75.1 Name: UNICORN10 FullName: 10.0.75.1
2018-07-10 17:04:25,704 INFO o.a.j.JMeter: Setting property 'jmeter.reportgenerator.outputdir' to:'C:\workspace\spring-geospatial\report'
2018-07-10 17:04:25,707 INFO o.a.j.s.FileServer: Default base='C:\workspace\spring-geospatial'
2018-07-10 17:04:25,722 INFO o.a.j.s.FileServer: Set new base='C:\workspace\spring-geospatial'
2018-07-10 17:04:26,060 INFO o.a.j.s.SaveService: Testplan (JMX) version: 2.2. Testlog (JTL) version: 2.2
2018-07-10 17:04:26,090 INFO o.a.j.s.SaveService: Using SaveService properties file encoding UTF-8
2018-07-10 17:04:26,099 INFO o.a.j.s.SaveService: Using SaveService properties version 4.0
2018-07-10 17:04:26,116 INFO o.a.j.s.SaveService: Loading file: test-1-insert-location.jmx
2018-07-10 17:04:26,190 INFO o.a.j.p.h.s.HTTPSamplerBase: Parser for text/html is org.apache.jmeter.protocol.http.parser.LagartoBasedHtmlParser
2018-07-10 17:04:26,191 INFO o.a.j.p.h.s.HTTPSamplerBase: Parser for application/xhtml+xml is org.apache.jmeter.protocol.http.parser.LagartoBasedHtmlParser
2018-07-10 17:04:26,192 INFO o.a.j.p.h.s.HTTPSamplerBase: Parser for application/xml is org.apache.jmeter.protocol.http.parser.LagartoBasedHtmlParser
2018-07-10 17:04:26,194 INFO o.a.j.p.h.s.HTTPSamplerBase: Parser for text/xml is org.apache.jmeter.protocol.http.parser.LagartoBasedHtmlParser
2018-07-10 17:04:26,194 INFO o.a.j.p.h.s.HTTPSamplerBase: Parser for text/vnd.wap.wml is org.apache.jmeter.protocol.http.parser.RegexpHTMLParser
2018-07-10 17:04:26,194 INFO o.a.j.p.h.s.HTTPSamplerBase: Parser for text/css is org.apache.jmeter.protocol.http.parser.CssParser
2018-07-10 17:04:26,240 INFO o.a.j.JMeter: Creating summariser <summary>
2018-07-10 17:04:26,247 INFO o.a.j.r.d.ReportGenerator: ReportGenerator will use for Parsing the separator: ','
2018-07-10 17:04:26,247 INFO o.a.j.r.d.ReportGenerator: Will generate report at end of test from  results file: result
2018-07-10 17:04:26,247 INFO o.a.j.r.d.ReportGenerator: Reading report generator properties from: C:\Application\apache-jmeter-4.0\bin\reportgenerator.properties
2018-07-10 17:04:26,250 INFO o.a.j.r.d.ReportGenerator: Merging with JMeter properties
2018-07-10 17:04:26,258 INFO o.a.j.r.c.ReportGeneratorConfiguration: Property 'jmeter.reportgenerator.temp_dir' not found, using default value 'temp' instead.
2018-07-10 17:04:26,261 INFO o.a.j.r.c.ReportGeneratorConfiguration: Property 'jmeter.reportgenerator.apdex_per_transaction' not found, using default value 'null' instead.
2018-07-10 17:04:26,261 INFO o.a.j.r.c.ReportGeneratorConfiguration: apdex_per_transaction : {} is empty, not APDEX per transaction customization
2018-07-10 17:04:26,262 INFO o.a.j.r.c.ReportGeneratorConfiguration: Property 'jmeter.reportgenerator.sample_filter' not found, using default value 'null' instead.
2018-07-10 17:04:26,262 INFO o.a.j.r.c.ReportGeneratorConfiguration: Property 'jmeter.reportgenerator.report_title' not found, using default value 'null' instead.
2018-07-10 17:04:26,262 INFO o.a.j.r.c.ReportGeneratorConfiguration: Property 'jmeter.reportgenerator.start_date' not found, using default value 'null' instead.
2018-07-10 17:04:26,263 INFO o.a.j.r.c.ReportGeneratorConfiguration: Property 'jmeter.reportgenerator.end_date' not found, using default value 'null' instead.
2018-07-10 17:04:26,263 INFO o.a.j.r.c.ReportGeneratorConfiguration: Property 'jmeter.reportgenerator.date_format' not found, using default value 'null' instead.
2018-07-10 17:04:26,263 INFO o.a.j.r.c.ReportGeneratorConfiguration: Will use date range start date: null, end date: null
2018-07-10 17:04:26,273 INFO o.a.j.r.c.ReportGeneratorConfiguration: Property 'jmeter.reportgenerator.graph.activeThreadsOverTime.exclude_controllers' not found, using default value 'false' instead.
2018-07-10 17:04:26,273 INFO o.a.j.r.c.ReportGeneratorConfiguration: Property 'jmeter.reportgenerator.graph.timeVsThreads.exclude_controllers' not found, using default value 'false' instead.
2018-07-10 17:04:26,273 INFO o.a.j.r.c.ReportGeneratorConfiguration: Property 'jmeter.reportgenerator.graph.responseTimeDistribution.exclude_controllers' not found, using default value 'false' instead.
2018-07-10 17:04:26,273 INFO o.a.j.r.c.ReportGeneratorConfiguration: Property 'jmeter.reportgenerator.graph.transactionsPerSecond.exclude_controllers' not found, using default value 'false' instead.
2018-07-10 17:04:26,274 INFO o.a.j.r.c.ReportGeneratorConfiguration: Property 'jmeter.reportgenerator.graph.responseTimePercentiles.exclude_controllers' not found, using default value 'false' instead.
2018-07-10 17:04:26,275 INFO o.a.j.r.c.ReportGeneratorConfiguration: Property 'jmeter.reportgenerator.graph.responseTimePercentilesOverTime.exclude_controllers' not found, using default value 'false' instead.
2018-07-10 17:04:26,275 INFO o.a.j.r.c.ReportGeneratorConfiguration: Property 'jmeter.reportgenerator.graph.responseTimesOverTime.exclude_controllers' not found, using default value 'false' instead.
2018-07-10 17:04:26,276 INFO o.a.j.r.c.ReportGeneratorConfiguration: Property 'jmeter.reportgenerator.graph.connectTimeOverTime.exclude_controllers' not found, using default value 'false' instead.
2018-07-10 17:04:26,277 INFO o.a.j.r.c.ReportGeneratorConfiguration: Property 'jmeter.reportgenerator.graph.latenciesOverTime.exclude_controllers' not found, using default value 'false' instead.
2018-07-10 17:04:26,279 INFO o.a.j.r.c.ReportGeneratorConfiguration: Property 'jmeter.reportgenerator.exporter.html.filters_only_sample_series' not found, using default value 'true' instead.
2018-07-10 17:04:26,279 INFO o.a.j.r.c.ReportGeneratorConfiguration: Property 'jmeter.reportgenerator.exporter.html.series_filter' not found, using default value '' instead.
2018-07-10 17:04:26,279 INFO o.a.j.r.c.ReportGeneratorConfiguration: Property 'jmeter.reportgenerator.exporter.html.show_controllers_only' not found, using default value 'false' instead.
2018-07-10 17:04:26,298 INFO o.a.j.e.StandardJMeterEngine: Running the test!
2018-07-10 17:04:26,301 INFO o.a.j.s.SampleEvent: List of sample_variables: []
2018-07-10 17:04:26,303 INFO o.a.j.s.SampleEvent: List of sample_variables: []
2018-07-10 17:04:26,317 INFO o.a.j.e.u.CompoundVariable: Note: Function class names must contain the string: '.functions.'
2018-07-10 17:04:26,322 INFO o.a.j.e.u.CompoundVariable: Note: Function class names must not contain the string: '.gui.'
2018-07-10 17:04:27,213 INFO o.a.j.JMeter: Running test (1531217067213)
2018-07-10 17:04:27,246 INFO o.a.j.e.StandardJMeterEngine: Starting ThreadGroup: 1 : Insert Location
2018-07-10 17:04:27,246 INFO o.a.j.e.StandardJMeterEngine: Starting 100 threads for group Insert Location.
2018-07-10 17:04:27,246 INFO o.a.j.e.StandardJMeterEngine: Thread will continue on error
2018-07-10 17:04:27,247 INFO o.a.j.t.ThreadGroup: Starting thread group... number=1 threads=100 ramp-up=1 perThread=10.0 delayedStart=false
2018-07-10 17:04:27,259 INFO o.a.j.t.JMeterThread: Thread started: Insert Location 1-1
2018-07-10 17:04:27,271 INFO o.a.j.t.JMeterThread: Thread started: Insert Location 1-2
2018-07-10 17:04:27,279 INFO o.a.j.t.JMeterThread: Thread started: Insert Location 1-3
2018-07-10 17:04:27,293 INFO o.a.j.t.JMeterThread: Thread started: Insert Location 1-4
2018-07-10 17:04:27,307 INFO o.a.j.t.JMeterThread: Thread started: Insert Location 1-5
2018-07-10 17:04:27,349 INFO o.a.j.t.ThreadGroup: Started thread group number 1
2018-07-10 17:04:27,349 INFO o.a.j.e.StandardJMeterEngine: All thread groups have been started
2018-07-10 17:04:27,356 INFO o.a.j.p.h.s.HTTPHCAbstractImpl: Local host = UNICORN10
2018-07-10 17:04:27,319 INFO o.a.j.t.JMeterThread: Thread started: Insert Location 1-6
2018-07-10 17:04:27,369 INFO o.a.j.t.JMeterThread: Thread started: Insert Location 1-7
2018-07-10 17:04:27,372 INFO o.a.j.p.h.s.HTTPHC4Impl: HTTP request retry count = 0
2018-07-10 17:04:27,374 INFO o.a.j.t.JMeterThread: Thread started: Insert Location 1-8
2018-07-10 17:04:27,377 INFO o.a.j.t.JMeterThread: Thread started: Insert Location 1-10
2018-07-10 17:04:27,377 INFO o.a.j.t.JMeterThread: Thread started: Insert Location 1-9
2018-07-10 17:04:27,380 INFO o.a.j.t.JMeterThread: Thread started: Insert Location 1-11
2018-07-10 17:04:27,383 INFO o.a.j.t.JMeterThread: Thread started: Insert Location 1-12
2018-07-10 17:04:27,397 INFO o.a.j.s.SampleResult: Note: Sample TimeStamps are START times
2018-07-10 17:04:27,397 INFO o.a.j.s.SampleResult: sampleresult.default.encoding is set to ISO-8859-1
2018-07-10 17:04:27,397 INFO o.a.j.s.SampleResult: sampleresult.useNanoTime=true
2018-07-10 17:04:27,398 INFO o.a.j.s.SampleResult: sampleresult.nanoThreadSleep=5000
2018-07-10 17:04:27,396 INFO o.a.j.t.JMeterThread: Thread started: Insert Location 1-13
2018-07-10 17:04:27,407 INFO o.a.j.t.JMeterThread: Thread started: Insert Location 1-14
2018-07-10 17:04:27,416 INFO o.a.j.t.JMeterThread: Thread started: Insert Location 1-15
2018-07-10 17:04:27,425 INFO o.a.j.t.JMeterThread: Thread started: Insert Location 1-16
2018-07-10 17:04:27,435 INFO o.a.j.t.JMeterThread: Thread started: Insert Location 1-17
2018-07-10 17:04:27,444 INFO o.a.j.t.JMeterThread: Thread started: Insert Location 1-18
2018-07-10 17:04:27,453 INFO o.a.j.t.JMeterThread: Thread started: Insert Location 1-19
2018-07-10 17:04:27,483 INFO o.a.j.t.JMeterThread: Thread started: Insert Location 1-20
2018-07-10 17:04:27,487 INFO o.a.j.t.JMeterThread: Thread started: Insert Location 1-21
2018-07-10 17:04:27,504 INFO o.a.j.t.JMeterThread: Thread started: Insert Location 1-22
2018-07-10 17:04:27,513 INFO o.a.j.t.JMeterThread: Thread started: Insert Location 1-23
2018-07-10 17:04:27,522 INFO o.a.j.t.JMeterThread: Thread started: Insert Location 1-24
2018-07-10 17:04:27,533 INFO o.a.j.t.JMeterThread: Thread started: Insert Location 1-25
2018-07-10 17:04:27,551 INFO o.a.j.t.JMeterThread: Thread started: Insert Location 1-26
2018-07-10 17:04:27,560 INFO o.a.j.t.JMeterThread: Thread started: Insert Location 1-27
2018-07-10 17:04:27,570 INFO o.a.j.t.JMeterThread: Thread started: Insert Location 1-28
2018-07-10 17:04:27,582 INFO o.a.j.t.JMeterThread: Thread started: Insert Location 1-29
2018-07-10 17:04:27,591 INFO o.a.j.t.JMeterThread: Thread started: Insert Location 1-30
2018-07-10 17:04:27,695 INFO o.a.j.t.JMeterThread: Thread started: Insert Location 1-31
2018-07-10 17:04:27,700 INFO o.a.j.t.JMeterThread: Thread started: Insert Location 1-32
2018-07-10 17:04:27,704 INFO o.a.j.t.JMeterThread: Thread started: Insert Location 1-33
2018-07-10 17:04:29,348 INFO o.a.j.t.JMeterThread: Thread started: Insert Location 1-34
2018-07-10 17:04:29,356 INFO o.a.j.t.JMeterThread: Thread started: Insert Location 1-35
2018-07-10 17:04:29,367 INFO o.a.j.t.JMeterThread: Thread started: Insert Location 1-36
2018-07-10 17:04:29,377 INFO o.a.j.t.JMeterThread: Thread started: Insert Location 1-37
2018-07-10 17:04:29,390 INFO o.a.j.t.JMeterThread: Thread started: Insert Location 1-38
2018-07-10 17:04:29,407 INFO o.a.j.t.JMeterThread: Thread started: Insert Location 1-39
2018-07-10 17:04:29,408 INFO o.a.j.t.JMeterThread: Thread started: Insert Location 1-40
2018-07-10 17:04:29,408 INFO o.a.j.t.JMeterThread: Thread started: Insert Location 1-41
2018-07-10 17:04:29,420 INFO o.a.j.t.JMeterThread: Thread started: Insert Location 1-42
2018-07-10 17:04:29,422 INFO o.a.j.t.JMeterThread: Thread started: Insert Location 1-43
2018-07-10 17:04:29,429 INFO o.a.j.t.JMeterThread: Thread started: Insert Location 1-44
2018-07-10 17:04:29,432 INFO o.a.j.t.JMeterThread: Thread started: Insert Location 1-45
2018-07-10 17:04:29,432 INFO o.a.j.t.JMeterThread: Thread started: Insert Location 1-46
2018-07-10 17:04:29,440 INFO o.a.j.t.JMeterThread: Thread started: Insert Location 1-47
2018-07-10 17:04:29,442 INFO o.a.j.t.JMeterThread: Thread started: Insert Location 1-48
2018-07-10 17:04:29,448 INFO o.a.j.t.JMeterThread: Thread started: Insert Location 1-49
2018-07-10 17:04:29,455 INFO o.a.j.t.JMeterThread: Thread started: Insert Location 1-50
2018-07-10 17:04:29,458 INFO o.a.j.t.JMeterThread: Thread started: Insert Location 1-51
2018-07-10 17:04:29,461 INFO o.a.j.t.JMeterThread: Thread started: Insert Location 1-52
2018-07-10 17:04:29,467 INFO o.a.j.t.JMeterThread: Thread started: Insert Location 1-54
2018-07-10 17:04:29,470 INFO o.a.j.t.JMeterThread: Thread started: Insert Location 1-53
2018-07-10 17:04:29,473 INFO o.a.j.t.JMeterThread: Thread started: Insert Location 1-55
2018-07-10 17:04:29,473 INFO o.a.j.t.JMeterThread: Thread started: Insert Location 1-56
2018-07-10 17:04:29,476 INFO o.a.j.t.JMeterThread: Thread started: Insert Location 1-57
2018-07-10 17:04:29,481 INFO o.a.j.t.JMeterThread: Thread started: Insert Location 1-58
2018-07-10 17:04:29,484 INFO o.a.j.t.JMeterThread: Thread started: Insert Location 1-59
2018-07-10 17:04:29,487 INFO o.a.j.t.JMeterThread: Thread started: Insert Location 1-60
2018-07-10 17:04:29,488 INFO o.a.j.t.JMeterThread: Thread started: Insert Location 1-61
2018-07-10 17:04:29,495 INFO o.a.j.t.JMeterThread: Thread started: Insert Location 1-62
2018-07-10 17:04:29,498 INFO o.a.j.t.JMeterThread: Thread started: Insert Location 1-63
2018-07-10 17:04:29,502 INFO o.a.j.t.JMeterThread: Thread started: Insert Location 1-64
2018-07-10 17:04:29,502 INFO o.a.j.t.JMeterThread: Thread started: Insert Location 1-65
2018-07-10 17:04:29,520 INFO o.a.j.t.JMeterThread: Thread started: Insert Location 1-67
2018-07-10 17:04:29,521 INFO o.a.j.t.JMeterThread: Thread started: Insert Location 1-68
2018-07-10 17:04:29,521 INFO o.a.j.t.JMeterThread: Thread started: Insert Location 1-66
2018-07-10 17:04:29,523 INFO o.a.j.t.JMeterThread: Thread started: Insert Location 1-69
2018-07-10 17:04:29,525 INFO o.a.j.t.JMeterThread: Thread started: Insert Location 1-70
2018-07-10 17:04:29,529 INFO o.a.j.t.JMeterThread: Thread started: Insert Location 1-71
2018-07-10 17:04:29,530 INFO o.a.j.t.JMeterThread: Thread started: Insert Location 1-72
2018-07-10 17:04:29,533 INFO o.a.j.t.JMeterThread: Thread started: Insert Location 1-73
2018-07-10 17:04:29,535 INFO o.a.j.t.JMeterThread: Thread started: Insert Location 1-75
2018-07-10 17:04:29,535 INFO o.a.j.t.JMeterThread: Thread started: Insert Location 1-74
2018-07-10 17:04:29,539 INFO o.a.j.t.JMeterThread: Thread started: Insert Location 1-76
2018-07-10 17:04:29,539 INFO o.a.j.t.JMeterThread: Thread started: Insert Location 1-77
2018-07-10 17:04:29,545 INFO o.a.j.t.JMeterThread: Thread started: Insert Location 1-78
2018-07-10 17:04:29,551 INFO o.a.j.t.JMeterThread: Thread started: Insert Location 1-79
2018-07-10 17:04:29,553 INFO o.a.j.t.JMeterThread: Thread started: Insert Location 1-80
2018-07-10 17:04:29,555 INFO o.a.j.t.JMeterThread: Thread started: Insert Location 1-81
2018-07-10 17:04:29,559 INFO o.a.j.t.JMeterThread: Thread started: Insert Location 1-82
2018-07-10 17:04:29,560 INFO o.a.j.t.JMeterThread: Thread started: Insert Location 1-83
2018-07-10 17:04:29,563 INFO o.a.j.t.JMeterThread: Thread started: Insert Location 1-84
2018-07-10 17:04:29,571 INFO o.a.j.t.JMeterThread: Thread started: Insert Location 1-87
2018-07-10 17:04:29,571 INFO o.a.j.t.JMeterThread: Thread started: Insert Location 1-85
2018-07-10 17:04:29,571 INFO o.a.j.t.JMeterThread: Thread started: Insert Location 1-86
2018-07-10 17:04:29,577 INFO o.a.j.t.JMeterThread: Thread started: Insert Location 1-88
2018-07-10 17:04:29,578 INFO o.a.j.t.JMeterThread: Thread started: Insert Location 1-89
2018-07-10 17:04:29,581 INFO o.a.j.t.JMeterThread: Thread started: Insert Location 1-90
2018-07-10 17:04:29,582 INFO o.a.j.t.JMeterThread: Thread started: Insert Location 1-91
2018-07-10 17:04:29,583 INFO o.a.j.t.JMeterThread: Thread started: Insert Location 1-92
2018-07-10 17:04:29,586 INFO o.a.j.t.JMeterThread: Thread started: Insert Location 1-93
2018-07-10 17:04:29,587 INFO o.a.j.t.JMeterThread: Thread started: Insert Location 1-94
2018-07-10 17:04:29,588 INFO o.a.j.t.JMeterThread: Thread started: Insert Location 1-95
2018-07-10 17:04:29,633 INFO o.a.j.t.JMeterThread: Thread started: Insert Location 1-96
2018-07-10 17:04:29,635 INFO o.a.j.t.JMeterThread: Thread started: Insert Location 1-98
2018-07-10 17:04:29,644 INFO o.a.j.t.JMeterThread: Thread started: Insert Location 1-99
2018-07-10 17:04:29,646 INFO o.a.j.t.JMeterThread: Thread started: Insert Location 1-100
2018-07-10 17:04:29,633 INFO o.a.j.t.JMeterThread: Thread started: Insert Location 1-97
2018-07-10 17:04:30,401 INFO o.a.j.r.Summariser: summary +      4 in 00:00:03 =    1.3/s Avg:  1531 Min:   500 Max:  2957 Err:     4 (100.00%) Active: 100 Started: 100 Finished: 0
2018-07-10 17:05:00,113 INFO o.a.j.r.Summariser: summary +   1182 in 00:00:30 =   39.8/s Avg:  2435 Min:   994 Max:  5744 Err:  1182 (100.00%) Active: 100 Started: 100 Finished: 0
2018-07-10 17:05:00,114 INFO o.a.j.r.Summariser: summary =   1186 in 00:00:33 =   36.0/s Avg:  2432 Min:   500 Max:  5744 Err:  1186 (100.00%)
2018-07-10 17:05:30,616 INFO o.a.j.r.Summariser: summary +   1542 in 00:00:31 =   50.6/s Avg:  2023 Min:   845 Max:  5018 Err:  1542 (100.00%) Active: 100 Started: 100 Finished: 0
2018-07-10 17:05:30,617 INFO o.a.j.r.Summariser: summary =   2728 in 00:01:03 =   43.0/s Avg:  2201 Min:   500 Max:  5744 Err:  2728 (100.00%)
2018-07-10 17:06:00,945 INFO o.a.j.r.Summariser: summary +   1692 in 00:00:30 =   55.8/s Avg:  1777 Min:     0 Max:  2571 Err:  1692 (100.00%) Active: 100 Started: 100 Finished: 0
2018-07-10 17:06:00,946 INFO o.a.j.r.Summariser: summary =   4420 in 00:01:34 =   47.2/s Avg:  2039 Min:     0 Max:  5744 Err:  4420 (100.00%)
